0 info it worked if it ends with ok
1 verbose cli [ '/usr/local/bin/node',
1 verbose cli   '/usr/local/bin/npm',
1 verbose cli   'run',
1 verbose cli   'test-react' ]
2 info using npm@3.3.12
3 info using node@v5.2.0
4 verbose run-script [ 'pretest-react', 'test-react', 'posttest-react' ]
5 info lifecycle virtual-card@0.0.1~pretest-react: virtual-card@0.0.1
6 silly lifecycle virtual-card@0.0.1~pretest-react: no script for pretest-react, continuing
7 info lifecycle virtual-card@0.0.1~test-react: virtual-card@0.0.1
8 verbose lifecycle virtual-card@0.0.1~test-react: unsafe-perm in lifecycle true
9 verbose lifecycle virtual-card@0.0.1~test-react: PATH: /usr/local/lib/node_modules/npm/bin/node-gyp-bin:/Users/jasperdegens/Desktop/virtualCard/node_modules/.bin:/opt/local/bin:/opt/local/sbin:/Users/jasperdegens/.rvm/gems/ruby-2.1.3/bin:/Users/jasperdegens/.rvm/gems/ruby-2.1.3@global/bin:/Users/jasperdegens/.rvm/rubies/ruby-2.1.3/bin:/usr/bin:/bin:/usr/sbin:/sbin:/usr/local/bin:/usr/local/smlnj/bin:/opt/X11/bin:/usr/local/git/bin:/usr/texbin:/Users/jasperdegens/bin:/Users/jasperdegens/.rvm/bin
10 verbose lifecycle virtual-card@0.0.1~test-react: CWD: /Users/jasperdegens/Desktop/virtualCard
11 silly lifecycle virtual-card@0.0.1~test-react: Args: [ '-c', 'jest' ]
12 silly lifecycle virtual-card@0.0.1~test-react: Returned: code: 1  signal: null
13 info lifecycle virtual-card@0.0.1~test-react: Failed to exec test-react script
14 verbose stack Error: virtual-card@0.0.1 test-react: `jest`
14 verbose stack Exit status 1
14 verbose stack     at EventEmitter.<anonymous> (/usr/local/lib/node_modules/npm/lib/utils/lifecycle.js:232:16)
14 verbose stack     at emitTwo (events.js:88:13)
14 verbose stack     at EventEmitter.emit (events.js:173:7)
14 verbose stack     at ChildProcess.<anonymous> (/usr/local/lib/node_modules/npm/lib/utils/spawn.js:24:14)
14 verbose stack     at emitTwo (events.js:88:13)
14 verbose stack     at ChildProcess.emit (events.js:173:7)
14 verbose stack     at maybeClose (internal/child_process.js:819:16)
14 verbose stack     at Process.ChildProcess._handle.onexit (internal/child_process.js:212:5)
15 verbose pkgid virtual-card@0.0.1
16 verbose cwd /Users/jasperdegens/Desktop/virtualCard/components
17 error Darwin 13.3.0
18 error argv "/usr/local/bin/node" "/usr/local/bin/npm" "run" "test-react"
19 error node v5.2.0
20 error npm  v3.3.12
21 error code ELIFECYCLE
22 error virtual-card@0.0.1 test-react: `jest`
22 error Exit status 1
23 error Failed at the virtual-card@0.0.1 test-react script 'jest'.
23 error Make sure you have the latest version of node.js and npm installed.
23 error If you do, this is most likely a problem with the virtual-card package,
23 error not with npm itself.
23 error Tell the author that this fails on your system:
23 error     jest
23 error You can get their info via:
23 error     npm owner ls virtual-card
23 error There is likely additional logging output above.
24 verbose exit [ 1, true ]
